<?xml version="1.0" encoding="UTF-8"?>
<!-- Generated by org.testng.reporters.JUnitReportReporter -->
<testsuite hostname="ubuntu" name="com.example.uitest.demotest1" tests="1" failures="0" timestamp="7 Jan 2021 06:04:43 GMT" time="2.081" errors="0">
  <testcase name="create" time="2.081" classname="com.example.uitest.demotest1"/>
</testsuite> <!-- com.example.uitest.demotest1 -->
